<?xml version="1.0" encoding="UTF-8"?>
<!-- Generated by org.testng.reporters.JUnitXMLReporter -->
<testsuite hostname="DESKTOP-20PEDJV" name="Command line test" tests="8" failures="0" timestamp="22 Sep 2017 18:11:10 GMT" time="1.043" errors="0">
  <testcase name="firstGroup" time="0.001" classname="first.testNG.example.GroupTest"/>
  <testcase name="secondGroup" time="0.0" classname="first.testNG.example.GroupTest"/>
  <testcase name="userID" time="0.001" classname="first.testNG.example.ParamsTest"/>
  <testcase name="userID" time="0.0" classname="first.testNG.example.ParamsTest"/>
  <testcase name="secondTest" time="1.01" classname="first.testNG.example.TestNGMoreDemo"/>
  <testcase name="makeitTwo" time="0.0" classname="first.testNG.example.TestNGDemo"/>
  <testcase name="makeit" time="0.0" classname="first.testNG.example.TestNGDemo"/>
  <testcase name="firstTest" time="0.0" classname="first.testNG.example.TestNGMoreDemo"/>
</testsuite> <!-- Command line test -->
