<?xml version="1.0" encoding="UTF-8"?>
<!-- Generated by org.testng.reporters.JUnitXMLReporter -->
<testsuite hostname="DESKTOP-20PEDJV" name="testTesting" tests="4" failures="0" timestamp="22 Sep 2017 17:22:52 GMT" time="1.11" errors="0">
  <testcase name="secondTest" time="1.089" classname="first.testNG.example.TestNGMoreDemo"/>
  <testcase name="firstTest" time="0.001" classname="first.testNG.example.TestNGMoreDemo"/>
  <testcase name="makeit" time="0.001" classname="first.testNG.example.TestNGDemo"/>
  <testcase name="makeitTwo" time="0.001" classname="first.testNG.example.TestNGDemo"/>
</testsuite> <!-- testTesting -->
