<?xml version="1.0" encoding="UTF-8"?>
<testng-results skipped="0" failed="0" total="2" passed="2">
  <reporter-output>
  </reporter-output>
  <suite name="Automation" duration-ms="1017" started-at="2017-09-22T17:26:28Z" finished-at="2017-09-22T17:26:29Z">
    <groups>
      <group name="group1">
        <method signature="GroupTest.firstGroup()[pri:0, instance:first.testNG.example.GroupTest@34ce8af7]" name="firstGroup" class="first.testNG.example.GroupTest"/>
        <method signature="TestNGMoreDemo.secondTest()[pri:0, instance:first.testNG.example.TestNGMoreDemo@7c75222b]" name="secondTest" class="first.testNG.example.TestNGMoreDemo"/>
      </group> <!-- group1 -->
    </groups>
    <test name="testcases" duration-ms="1017" started-at="2017-09-22T17:26:28Z" finished-at="2017-09-22T17:26:29Z">
      <class name="first.testNG.example.GroupTest">
        <test-method status="PASS" signature="firstGroup()[pri:0, instance:first.testNG.example.GroupTest@34ce8af7]" name="firstGroup" duration-ms="5" started-at="2017-09-22T13:26:28Z" finished-at="2017-09-22T13:26:28Z">
          <reporter-output>
          </reporter-output>
        </test-method> <!-- firstGroup -->
      </class> <!-- first.testNG.example.GroupTest -->
      <class name="first.testNG.example.TestNGMoreDemo">
        <test-method status="PASS" signature="secondTest()[pri:0, instance:first.testNG.example.TestNGMoreDemo@7c75222b]" name="secondTest" duration-ms="1005" started-at="2017-09-22T13:26:28Z" finished-at="2017-09-22T13:26:29Z">
          <reporter-output>
          </reporter-output>
        </test-method> <!-- secondTest -->
      </class> <!-- first.testNG.example.TestNGMoreDemo -->
    </test> <!-- testcases -->
  </suite> <!-- Automation -->
</testng-results>
